[22:25:43] [ServerMain/INFO]: Environment: Environment[sessionHost=https://sessionserver.mojang.com, servicesHost=https://api.minecraftservices.com, name=PROD]
[22:25:45] [ServerMain/INFO]: No existing world data, creating new world
[22:25:46] [ServerMain/INFO]: Loaded 1407 recipes
[22:25:46] [ServerMain/INFO]: Loaded 1520 advancements
[22:25:46] [Server thread/INFO]: Starting minecraft server version 1.21.6
[22:25:46] [Server thread/INFO]: Loading properties
[22:25:46] [Server thread/INFO]: Default game type: SURVIVAL
[22:25:46] [Server thread/INFO]: Generating keypair
[22:25:47] [Server thread/INFO]: Starting Minecraft server on *:25565
[22:25:47] [Server thread/INFO]: Using default channel type
[22:25:47] [Server thread/INFO]: Preparing level "world"
[22:25:51] [Server thread/INFO]: Preparing start region for dimension minecraft:overworld
[22:25:51] [Worker-Main-11/INFO]: Preparing spawn area: 2%
[22:25:52] [Worker-Main-8/INFO]: Preparing spawn area: 2%
[22:25:52] [Worker-Main-3/INFO]: Preparing spawn area: 2%
[22:25:53] [Worker-Main-8/INFO]: Preparing spawn area: 2%
[22:25:53] [Worker-Main-9/INFO]: Preparing spawn area: 18%
[22:25:54] [Worker-Main-5/INFO]: Preparing spawn area: 18%
[22:25:54] [Worker-Main-3/INFO]: Preparing spawn area: 51%
[22:25:55] [Worker-Main-4/INFO]: Preparing spawn area: 51%
[22:25:55] [Server thread/INFO]: Time elapsed: 3710 ms
[22:25:55] [Server thread/INFO]: Done (8.111s)! For help, type "help"
[22:25:59] [Server thread/INFO]: Stopping the server
[22:25:59] [Server thread/INFO]: Stopping server
[22:25:59] [Server thread/INFO]: Saving players
[22:25:59] [Server thread/INFO]: Saving worlds
[22:25:59] [Server thread/INFO]: Saving chunks for level 'ServerLevel[world]'/minecraft:overworld
[22:26:01] [Server thread/INFO]: Saving chunks for level 'ServerLevel[world]'/minecraft:the_nether
[22:26:01] [Server thread/INFO]: Saving chunks for level 'ServerLevel[world]'/minecraft:the_end
[22:26:01] [Server thread/INFO]: ThreadedAnvilChunkStorage (world): All chunks are saved
[22:26:01] [Server thread/INFO]: ThreadedAnvilChunkStorage (DIM-1): All chunks are saved
[22:26:01] [Server thread/INFO]: ThreadedAnvilChunkStorage (DIM1): All chunks are saved
[22:26:01] [Server thread/INFO]: ThreadedAnvilChunkStorage: All dimensions are saved
