[10:20:43] [ServerMain/INFO]: Environment: Environment[sessionHost=https://sessionserver.mojang.com, servicesHost=https://api.minecraftservices.com, name=PROD]
[10:20:43] [ServerMain/INFO]: No existing world data, creating new world
[10:20:44] [ServerMain/INFO]: Loaded 1407 recipes
[10:20:44] [ServerMain/INFO]: Loaded 1520 advancements
[10:20:44] [Server thread/INFO]: Starting minecraft server version 1.21.6
[10:20:44] [Server thread/INFO]: Loading properties
[10:20:44] [Server thread/INFO]: Default game type: SURVIVAL
[10:20:44] [Server thread/INFO]: Generating keypair
[10:20:45] [Server thread/INFO]: Starting Minecraft server on *:25565
[10:20:45] [Server thread/INFO]: Using default channel type
[10:20:45] [Server thread/INFO]: Preparing level "world"
[10:20:48] [Server thread/INFO]: Preparing start region for dimension minecraft:overworld
[10:20:48] [Worker-Main-8/INFO]: Preparing spawn area: 2%
[10:20:48] [Worker-Main-1/INFO]: Preparing spawn area: 2%
[10:20:49] [Worker-Main-7/INFO]: Preparing spawn area: 2%
[10:20:49] [Worker-Main-7/INFO]: Preparing spawn area: 2%
[10:20:50] [Worker-Main-3/INFO]: Preparing spawn area: 18%
[10:20:50] [Worker-Main-11/INFO]: Preparing spawn area: 51%
[10:20:51] [Worker-Main-3/INFO]: Preparing spawn area: 51%
[10:20:51] [Server thread/INFO]: Time elapsed: 3267 ms
[10:20:51] [Server thread/INFO]: Done (6.187s)! For help, type "help"
[10:21:43] [Server thread/INFO]: Stopping the server
[10:21:43] [Server thread/INFO]: Stopping server
[10:21:43] [Server thread/INFO]: Saving players
[10:21:43] [Server thread/INFO]: Saving worlds
[10:21:43] [Server thread/INFO]: Saving chunks for level 'ServerLevel[world]'/minecraft:overworld
[10:21:44] [Server thread/INFO]: Saving chunks for level 'ServerLevel[world]'/minecraft:the_end
[10:21:44] [Server thread/INFO]: Saving chunks for level 'ServerLevel[world]'/minecraft:the_nether
[10:21:44] [Server thread/INFO]: ThreadedAnvilChunkStorage (world): All chunks are saved
[10:21:44] [Server thread/INFO]: ThreadedAnvilChunkStorage (DIM1): All chunks are saved
[10:21:44] [Server thread/INFO]: ThreadedAnvilChunkStorage (DIM-1): All chunks are saved
[10:21:44] [Server thread/INFO]: ThreadedAnvilChunkStorage: All dimensions are saved
